<?xml version="1.0" encoding="UTF-8"?>
<testsuite xmlns:xsi="http://www.w3.org/2001/XMLSchema-instance" xsi:noNamespaceSchemaLocation="https://maven.apache.org/surefire/maven-surefire-plugin/xsd/surefire-test-report-3.0.xsd" version="3.0" name="Test_Workflow" time="0.061" tests="16" errors="0" skipped="0" failures="0">
  <properties>
[...]
</properties>
  <testcase name="test_remove_1" classname="Test_Workflow" time="0.026"/>
  <testcase name="test_remove_2" classname="Test_Workflow" time="0"/>
  <testcase name="test_remove_3" classname="Test_Workflow" time="0"/>
  <testcase name="test_remove_4" classname="Test_Workflow" time="0"/>
  <testcase name="test_add_1" classname="Test_Workflow" time="0"/>
  <testcase name="test_add_2" classname="Test_Workflow" time="0"/>
  <testcase name="test_add_3" classname="Test_Workflow" time="0.001"/>
  <testcase name="test_add_4" classname="Test_Workflow" time="0"/>
  <testcase name="test_get_1" classname="Test_Workflow" time="0"/>
  <testcase name="test_get_2" classname="Test_Workflow" time="0"/>
  <testcase name="test_get_3" classname="Test_Workflow" time="0"/>
  <testcase name="test_get_4" classname="Test_Workflow" time="0"/>
  <testcase name="test_get_5" classname="Test_Workflow" time="0"/>
  <testcase name="test_get_6" classname="Test_Workflow" time="0"/>
  <testcase name="test_get_7" classname="Test_Workflow" time="0"/>
  <testcase name="test_get_8" classname="Test_Workflow" time="0"/>
</testsuite>